Log file open, 11/19/24 21:02:46
LogICUInternationalization: ICU TimeZone Detection - Raw Offset: -7:00, Platform Override: ''
LogConfig: No local boot hotfix file found at: [/home/mariasamples/.config/Epic/CrashReportClient/Saved/PersistentDownloadDir/HotfixForNextBoot.txt]
LogInit: ExecutableName: CrashReportClientEditor
LogInit: Build: ++UE5+Release-5.4-CL-33305029
LogInit: Platform=Linux
LogInit: MachineId=44053356dbcc31c389964ccb629fa192-000003e8
LogInit: DeviceId=
LogInit: Engine Version: 5.4.1-33305029+++UE5+Release-5.4
LogInit: Compatible Engine Version: 5.4.0-33043543+++UE5+Release-5.4
LogInit: Net CL: 33043543
LogInit: OS: Pop!_OS 22.04 LTS (6.9.3-76060903-generic), CPU: 11th Gen Intel(R) Core(TM) i5-1135G7 @ 2.40GHz, GPU: UnknownVendor
LogInit: Compiled (64-bit): Apr 30 2024 04:59:46
LogInit: Architecture: x64
LogInit: Compiled with Clang: 16.0.6 (github.com/llvm/llvm-project 7cbf1a2591520c2491aa35339f227775f4d3adf6)
LogInit: Build Configuration: Shipping
LogInit: Branch Name: ++UE5+Release-5.4
LogInit: Command Line:  -Abslog="/home/mariasamples/Documents/Unreal Projects/Unreal_Platform_Game/platformer_game/Saved/Logs/platformer_game-CRC.log" "/home/mariasamples/Documents/Unreal Projects/Unreal_Platform_Game/platformer_game/Saved/Crashes/crashinfo-platformer_game-pid-7851-A3BB70F4A9DE43069366BA5F63B069D3/"
LogInit: Base Directory: /home/mariasamples/Downloads/Engine/Binaries/Linux/
LogInit: Allocator: Mimalloc
LogInit: Installed Engine Build: 1
LogInit: This binary is optimized with LTO: no, PGO: no, instrumented for PGO data collection: no
LogInit: Presizing for max 2097152 objects, including 1 objects not considered by GC, pre-allocating 0 bytes for permanent pool.
LogInit: Object subsystem initialized
LogConfig: Applying CVar settings from Section [ConsoleVariables] File [Engine]
LogConfig: Set CVar [[memory.MemoryPressureCriticalThresholdMB:512]]
[2024.11.20-04.02.46:696][  0]LogInit: Unix hardware info:
[2024.11.20-04.02.46:696][  0]LogInit:  - we are the first instance of this executable
[2024.11.20-04.02.46:696][  0]LogInit:  - this process' id (pid) is 25000, parent process' id (ppid) is 7851
[2024.11.20-04.02.46:696][  0]LogInit:  - we are not running under debugger
[2024.11.20-04.02.46:696][  0]LogInit:  - machine network name is 'pop-os'
[2024.11.20-04.02.46:697][  0]LogInit:  - user name is 'mariasamples' (mariasamples)
[2024.11.20-04.02.46:697][  0]LogInit:  - we're logged in locally
[2024.11.20-04.02.46:697][  0]LogInit:  - we're running with rendering
[2024.11.20-04.02.46:697][  0]LogInit:  - CPU: GenuineIntel '11th Gen Intel(R) Core(TM) i5-1135G7 @ 2.40GHz' (signature: 0x806C1)
[2024.11.20-04.02.46:697][  0]LogInit:  - Number of physical cores available for the process: 4
[2024.11.20-04.02.46:697][  0]LogInit:  - Number of logical cores available for the process: 8
[2024.11.20-04.02.46:697][  0]LogInit:  - GPU Brand Info: UnknownVendor
[2024.11.20-04.02.46:697][  0]LogInit:  - Memory allocator used: Mimalloc
[2024.11.20-04.02.46:697][  0]LogInit:  - This is an internal build.
[2024.11.20-04.02.46:697][  0]LogCore: Skipped benchmarking clocks because the engine is running in a standalone program mode - CLOCK_MONOTONIC will be used.
[2024.11.20-04.02.46:697][  0]LogInit: Unix-specific commandline switches:
[2024.11.20-04.02.46:697][  0]LogInit:  -ansimalloc - use malloc()/free() from libc (useful for tools like valgrind and electric fence)
[2024.11.20-04.02.46:697][  0]LogInit:  -jemalloc - use jemalloc for all memory allocation
[2024.11.20-04.02.46:697][  0]LogInit:  -binnedmalloc - use binned malloc  for all memory allocation
[2024.11.20-04.02.46:697][  0]LogInit:  -filemapcachesize=NUMBER - set the size for case-sensitive file mapping cache
[2024.11.20-04.02.46:697][  0]LogInit:  -useksm - uses kernel same-page mapping (KSM) for mapped memory (OFF)
[2024.11.20-04.02.46:697][  0]LogInit:  -ksmmergeall - marks all mmap'd memory pages suitable for KSM (OFF)
[2024.11.20-04.02.46:697][  0]LogInit:  -preloadmodulesymbols - Loads the main module symbols file into memory (OFF)
[2024.11.20-04.02.46:697][  0]LogInit:  -sigdfl=SIGNAL - Allows a specific signal to be set to its default handler rather then ignoring the signal
[2024.11.20-04.02.46:697][  0]LogInit:  -crashhandlerstacksize - Allows setting crash handler stack sizes (204800)
[2024.11.20-04.02.46:697][  0]LogInit:  -noexclusivelockonwrite - disables marking files created by the engine as exclusive locked while the engine has them opened
[2024.11.20-04.02.46:697][  0]LogInit:  -httpproxy=ADDRESS:PORT - redirects HTTP requests to a proxy (only supported if compiled with libcurl)
[2024.11.20-04.02.46:697][  0]LogInit:  -reuseconn - allow libcurl to reuse HTTP connections (only matters if compiled with libcurl)
[2024.11.20-04.02.46:697][  0]LogInit:  -virtmemkb=NUMBER - sets process virtual memory (address space) limit (overrides VirtualMemoryLimitInKB value from .ini)
[2024.11.20-04.02.46:697][  0]LogInit:  -allowsyscallfilterfile=PATH_TO_FILE - sets up a system call filter allow list. any invalid syscall in this list *will* cause a crash
[2024.11.20-04.02.46:697][  0]LogInit:  - Physical RAM available (not considering process quota): 8 GB (7787 MB, 7974292 KB, 8165675008 bytes)
[2024.11.20-04.02.46:697][  0]LogInit:  - VirtualMemoryAllocator pools will grow at scale 1
[2024.11.20-04.02.46:697][  0]LogInit:  - MemoryRangeDecommit() will be a no-op (re-run with -vmapoolevict to change)
[2024.11.20-04.02.46:697][  0]LogInit:  - PageSize 4096
[2024.11.20-04.02.46:697][  0]LogInit:  - BinnedPageSize 65536
[2024.11.20-04.02.46:700][  0]LogUObjectArray: 475 objects as part of root set at end of initial load.
[2024.11.20-04.02.46:700][  0]LogUObjectArray: 0 objects are not in the root set, but can never be destroyed because they are in the DisregardForGC set.
[2024.11.20-04.02.46:700][  0]LogUObjectAllocator: 80416 out of 0 bytes used by permanent object pool.
[2024.11.20-04.02.46:700][  0]LogUObjectArray: CloseDisregardForGC: 475/475 objects in disregard for GC pool
[2024.11.20-04.02.46:701][  0]LogInit: Using OS detected language (en-US).
[2024.11.20-04.02.46:701][  0]LogInit: Using OS detected locale (en-US).
[2024.11.20-04.02.46:703][  0]LogTextLocalizationManager: No specific localization for 'en-US' exists, so 'en' will be used for the language.
[2024.11.20-04.02.46:727][  0]LogInit: Using OS detected language (en-US).
[2024.11.20-04.02.46:727][  0]LogInit: Using OS detected locale (en-US).
[2024.11.20-04.02.46:727][  0]LogTextLocalizationManager: No localization for 'en-US' exists, so 'en' will be used for the language.
[2024.11.20-04.02.46:727][  0]LogTextLocalizationManager: No localization for 'en-US' exists, so 'en' will be used for the locale.
[2024.11.20-04.02.46:727][  0]LogPackageLocalizationCache: Processed 2 localized package path(s) for 1 prioritized culture(s) in 0.000037 seconds
[2024.11.20-04.02.46:744][  0]LogInit: Using libcurl 8.4.0
[2024.11.20-04.02.46:744][  0]LogInit:  - built for x86_64-unknown-linux-gnu
[2024.11.20-04.02.46:744][  0]LogInit:  - supports SSL with OpenSSL/1.1.1t
[2024.11.20-04.02.46:744][  0]LogInit:  - supports HTTP deflate (compression) using libz 1.3
[2024.11.20-04.02.46:744][  0]LogInit:  - other features:
[2024.11.20-04.02.46:744][  0]LogInit:      CURL_VERSION_SSL
[2024.11.20-04.02.46:744][  0]LogInit:      CURL_VERSION_LIBZ
[2024.11.20-04.02.46:744][  0]LogInit:      CURL_VERSION_IPV6
[2024.11.20-04.02.46:744][  0]LogInit:      CURL_VERSION_ASYNCHDNS
[2024.11.20-04.02.46:744][  0]LogInit:      CURL_VERSION_LARGEFILE
[2024.11.20-04.02.46:744][  0]LogInit:      CURL_VERSION_TLSAUTH_SRP
[2024.11.20-04.02.46:745][  0]LogInit:  CurlRequestOptions (configurable via config and command line):
[2024.11.20-04.02.46:745][  0]LogInit:  - bVerifyPeer = false  - Libcurl will NOT verify peer certificate
[2024.11.20-04.02.46:745][  0]LogInit:  - bUseHttpProxy = false  - Libcurl will NOT use HTTP proxy
[2024.11.20-04.02.46:745][  0]LogInit:  - bDontReuseConnections = false  - Libcurl will reuse connections
[2024.11.20-04.02.46:745][  0]LogInit:  - MaxHostConnections = 16  - Libcurl will limit the number of connections to a host
[2024.11.20-04.02.46:745][  0]LogInit:  - LocalHostAddr = Default
[2024.11.20-04.02.46:745][  0]LogInit:  - BufferSize = 65536
[2024.11.20-04.02.46:745][  0]LogInit: CreateHttpThread using FCurlMultiPollEventLoopHttpThread
[2024.11.20-04.02.46:745][  0]LogAnalytics: Display: [CrashReporter.Release] APIServer = https://datarouter.ol.epicgames.com/datarouter/api/v1/public/data. AppVersion = ++UE5+Release-5.4-CL-33305029
[2024.11.20-04.02.46:746][  0]CrashReportCoreLog: Display: Applying project settings from '/home/mariasamples/Documents/Unreal Projects/Unreal_Platform_Game/platformer_game/Saved/Crashes/crashinfo-platformer_game-pid-7851-A3BB70F4A9DE43069366BA5F63B069D3/CrashReportClient.ini'.
[2024.11.20-04.02.46:746][  0]CrashReportCoreLog: CrashReportClientVersion=1.0
[2024.11.20-04.02.46:746][  0]CrashReportCoreLog: CrashReportReceiver disabled
[2024.11.20-04.02.46:746][  0]CrashReportCoreLog: DataRouterUrl: https://datarouter.ol.epicgames.com/datarouter/api/v1/public/data
[2024.11.20-04.02.46:747][  0]LogInit: Initializing SDL.
[2024.11.20-04.02.46:751][  0]LogInit: Warning: Could not initialize SDL: No available video device
[2024.11.20-04.02.46:751][  0]LogInit: Error: FLinuxApplication::CreateLinuxApplication() : InitSDL() failed, cannot create application instance.
[2024.11.20-04.02.46:751][  0]LogCore: FUnixPlatformMisc::RequestExit(bForce=true, ReturnCode=1, CallSite=<NoCallSiteInfo>)
[2024.11.20-04.02.46:751][  0]LogCore: FUnixPlatformMisc::RequestExit(1, <NoCallSiteInfo>)
